0 info it worked if it ends with ok
1 verbose cli [ 'node', '/usr/local/bin/npm', 'install', '-g', 'browserify' ]
2 info using npm@2.5.1
3 info using node@v0.12.0
4 silly cache add args [ 'browserify', null ]
5 verbose cache add spec browserify
6 silly cache add parsed spec { raw: 'browserify',
6 silly cache add   scope: null,
6 silly cache add   name: 'browserify',
6 silly cache add   rawSpec: '',
6 silly cache add   spec: '*',
6 silly cache add   type: 'range' }
7 verbose addNamed browserify@*
8 silly addNamed semver.valid null
9 silly addNamed semver.validRange *
10 silly addNameRange { name: 'browserify', range: '*', hasData: false }
11 silly mapToRegistry name browserify
12 silly mapToRegistry using default registry
13 silly mapToRegistry registry https://registry.npmjs.org/
14 silly mapToRegistry uri https://registry.npmjs.org/browserify
15 verbose addNameRange registry:https://registry.npmjs.org/browserify not in flight; fetching
16 verbose request uri https://registry.npmjs.org/browserify
17 verbose request no auth needed
18 info attempt registry request try #1 at 09:37:13
19 verbose request id c5c023881643afdf
20 verbose etag "DEIIU8F7P8JBDKC5Z5LKB3RV1"
21 http request GET https://registry.npmjs.org/browserify
22 http 304 https://registry.npmjs.org/browserify
23 silly get cb [ 304,
23 silly get   { date: 'Tue, 24 Feb 2015 08:37:13 GMT',
23 silly get     server: 'Apache',
23 silly get     via: '1.1 varnish',
23 silly get     'last-modified': 'Tue, 24 Feb 2015 08:37:10 GMT',
23 silly get     'cache-control': 'max-age=60',
23 silly get     etag: '"DEIIU8F7P8JBDKC5Z5LKB3RV1"',
23 silly get     age: '19',
23 silly get     'x-served-by': 'cache-fra1231-FRA',
23 silly get     'x-cache': 'HIT',
23 silly get     'x-cache-hits': '2',
23 silly get     'x-timer': 'S1424767033.597307,VS0,VE0',
23 silly get     vary: 'Accept',
23 silly get     'content-length': '0',
23 silly get     'keep-alive': 'timeout=10, max=50',
23 silly get     connection: 'Keep-Alive' } ]
24 verbose etag https://registry.npmjs.org/browserify from cache
25 verbose get saving browserify to /Users/dieterich/.npm/registry.npmjs.org/browserify/.cache.json
26 silly addNameRange number 2 { name: 'browserify', range: '*', hasData: true }
27 silly addNameRange versions [ 'browserify',
27 silly addNameRange   [ '0.0.1',
27 silly addNameRange     '0.0.2',
27 silly addNameRange     '0.0.3',
27 silly addNameRange     '0.0.4',
27 silly addNameRange     '0.0.5',
27 silly addNameRange     '0.1.0',
27 silly addNameRange     '0.1.1',
27 silly addNameRange     '0.1.2',
27 silly addNameRange     '0.1.3',
27 silly addNameRange     '0.1.4',
27 silly addNameRange     '0.1.5',
27 silly addNameRange     '0.2.0',
27 silly addNameRange     '0.2.1',
27 silly addNameRange     '0.2.2',
27 silly addNameRange     '0.2.3',
27 silly addNameRange     '0.2.4',
27 silly addNameRange     '0.2.5',
27 silly addNameRange     '0.2.6',
27 silly addNameRange     '0.2.7',
27 silly addNameRange     '0.2.8',
27 silly addNameRange     '0.2.9',
27 silly addNameRange     '0.2.10',
27 silly addNameRange     '0.2.11',
27 silly addNameRange     '0.3.0',
27 silly addNameRange     '0.3.1',
27 silly addNameRange     '0.3.2',
27 silly addNameRange     '0.3.3',
27 silly addNameRange     '0.3.4',
27 silly addNameRange     '0.3.5',
27 silly addNameRange     '0.3.6',
27 silly addNameRange     '0.3.7',
27 silly addNameRange     '0.4.0',
27 silly addNameRange     '0.4.1',
27 silly addNameRange     '0.4.2',
27 silly addNameRange     '0.4.3',
27 silly addNameRange     '0.4.4',
27 silly addNameRange     '0.4.5',
27 silly addNameRange     '0.4.6',
27 silly addNameRange     '0.4.7',
27 silly addNameRange     '0.4.8',
27 silly addNameRange     '0.4.9',
27 silly addNameRange     '0.4.10',
27 silly addNameRange     '0.4.11',
27 silly addNameRange     '0.4.12',
27 silly addNameRange     '0.4.13',
27 silly addNameRange     '0.4.14',
27 silly addNameRange     '0.4.15',
27 silly addNameRange     '0.5.0',
27 silly addNameRange     '0.5.1',
27 silly addNameRange     '0.5.2',
27 silly addNameRange     '1.0.0',
27 silly addNameRange     '1.1.0',
27 silly addNameRange     '1.1.1',
27 silly addNameRange     '1.1.2',
27 silly addNameRange     '1.1.3',
27 silly addNameRange     '1.1.4',
27 silly addNameRange     '1.2.0',
27 silly addNameRange     '1.2.1',
27 silly addNameRange     '1.2.2',
27 silly addNameRange     '1.2.3',
27 silly addNameRange     '1.2.4',
27 silly addNameRange     '1.2.5',
27 silly addNameRange     '1.2.6',
27 silly addNameRange     '1.2.7',
27 silly addNameRange     '1.2.8',
27 silly addNameRange     '1.2.9',
27 silly addNameRange     '1.3.0',
27 silly addNameRange     '1.4.0',
27 silly addNameRange     '1.4.1',
27 silly addNameRange     '1.4.2',
27 silly addNameRange     '1.4.3',
27 silly addNameRange     '1.4.4',
27 silly addNameRange     '1.4.5',
27 silly addNameRange     '1.4.6',
27 silly addNameRange     '1.4.7',
27 silly addNameRange     '1.4.8',
27 silly addNameRange     '1.5.0',
27 silly addNameRange     '1.6.0',
27 silly addNameRange     '1.6.1',
27 silly addNameRange     '1.7.0',
27 silly addNameRange     '1.7.1',
27 silly addNameRange     '1.7.2',
27 silly addNameRange     '1.7.3',
27 silly addNameRange     '1.7.4',
27 silly addNameRange     '1.7.5',
27 silly addNameRange     '1.7.6',
27 silly addNameRange     '1.7.7',
27 silly addNameRange     '1.8.0',
27 silly addNameRange     '1.8.1',
27 silly addNameRange     '1.8.2',
27 silly addNameRange     '1.8.3',
27 silly addNameRange     '1.9.0',
27 silly addNameRange     '1.9.1',
27 silly addNameRange     '1.9.2',
27 silly addNameRange     '1.9.3',
27 silly addNameRange     '1.9.4',
27 silly addNameRange     '1.10.0',
27 silly addNameRange     '1.10.1',
27 silly addNameRange     '1.10.2',
27 silly addNameRange     '1.10.3',
27 silly addNameRange     '1.10.4',
27 silly addNameRange     '1.10.5',
27 silly addNameRange     '1.10.6',
27 silly addNameRange     '1.10.7',
27 silly addNameRange     '1.10.8',
27 silly addNameRange     '1.10.9',
27 silly addNameRange     '1.10.11',
27 silly addNameRange     '1.10.12',
27 silly addNameRange     '1.10.13',
27 silly addNameRange     '1.10.14',
27 silly addNameRange     '1.10.15',
27 silly addNameRange     '1.10.16',
27 silly addNameRange     '1.10.17',
27 silly addNameRange     '1.11.0',
27 silly addNameRange     '1.11.1',
27 silly addNameRange     '1.12.0',
27 silly addNameRange     '1.12.1',
27 silly addNameRange     '1.12.2',
27 silly addNameRange     '1.12.3',
27 silly addNameRange     '1.13.0',
27 silly addNameRange     '1.13.1',
27 silly addNameRange     '1.13.2',
27 silly addNameRange     '1.13.3',
27 silly addNameRange     '1.13.4',
27 silly addNameRange     '1.13.5',
27 silly addNameRange     '1.13.6',
27 silly addNameRange     '1.13.8',
27 silly addNameRange     '1.13.9',
27 silly addNameRange     '1.13.10',
27 silly addNameRange     '1.14.0',
27 silly addNameRange     '1.14.1',
27 silly addNameRange     '1.14.2',
27 silly addNameRange     '1.14.3',
27 silly addNameRange     '1.14.4',
27 silly addNameRange     '1.14.5',
27 silly addNameRange     '1.15.0',
27 silly addNameRange     '1.15.1',
27 silly addNameRange     '1.15.2',
27 silly addNameRange     '1.15.3',
27 silly addNameRange     '1.15.4',
27 silly addNameRange     '1.15.5',
27 silly addNameRange     '1.15.6',
27 silly addNameRange     '1.16.0',
27 silly addNameRange     '1.16.1',
27 silly addNameRange     '1.16.2',
27 silly addNameRange     '1.16.3',
27 silly addNameRange     '1.16.4',
27 silly addNameRange     '1.16.5',
27 silly addNameRange     '1.16.6',
27 silly addNameRange     '1.16.7',
27 silly addNameRange     '1.16.8',
27 silly addNameRange     '1.17.0',
27 silly addNameRange     '1.17.1',
27 silly addNameRange     '1.17.2',
27 silly addNameRange     '1.17.3',
27 silly addNameRange     '1.18.0',
27 silly addNameRange     '2.0.0',
27 silly addNameRange     '2.0.1',
27 silly addNameRange     '2.1.0',
27 silly addNameRange     '2.2.0',
27 silly addNameRange     '2.2.1',
27 silly addNameRange     '2.2.2',
27 silly addNameRange     '2.2.3',
27 silly addNameRange     '2.2.4',
27 silly addNameRange     '2.2.5',
27 silly addNameRange     '2.2.6',
27 silly addNameRange     '2.3.0',
27 silly addNameRange     '2.3.1',
27 silly addNameRange     '2.4.0',
27 silly addNameRange     '2.4.1',
27 silly addNameRange     '2.4.2',
27 silly addNameRange     '2.4.3',
27 silly addNameRange     '2.5.0',
27 silly addNameRange     '2.5.1',
27 silly addNameRange     '2.6.0',
27 silly addNameRange     '2.6.1',
27 silly addNameRange     '2.7.0',
27 silly addNameRange     '2.7.1',
27 silly addNameRange     '2.7.2',
27 silly addNameRange     '2.7.3',
27 silly addNameRange     '2.7.4',
27 silly addNameRange     '2.8.0',
27 silly addNameRange     '2.8.1',
27 silly addNameRange     '2.9.0',
27 silly addNameRange     '2.10.0',
27 silly addNameRange     '2.10.1',
27 silly addNameRange     '2.10.2',
27 silly addNameRange     '2.11.0',
27 silly addNameRange     '2.12.0',
27 silly addNameRange     '2.12.1',
27 silly addNameRange     '2.12.2',
27 silly addNameRange     '2.12.3',
27 silly addNameRange     '2.12.4',
27 silly addNameRange     '2.12.5',
27 silly addNameRange     '2.13.0',
27 silly addNameRange     '2.13.1',
27 silly addNameRange     '2.13.2',
27 silly addNameRange     '2.13.3',
27 silly addNameRange     '2.14.0',
27 silly addNameRange     '2.14.1',
27 silly addNameRange     '2.14.2',
27 silly addNameRange     '2.15.0',
27 silly addNameRange     '2.16.0',
27 silly addNameRange     '2.17.0',
27 silly addNameRange     '2.17.1',
27 silly addNameRange     '2.17.2',
27 silly addNameRange     '2.17.3',
27 silly addNameRange     '2.17.4',
27 silly addNameRange     '2.18.0',
27 silly addNameRange     '2.18.1',
27 silly addNameRange     '2.19.0',
27 silly addNameRange     '2.20.0',
27 silly addNameRange     '2.20.1',
27 silly addNameRange     '2.20.2',
27 silly addNameRange     '2.21.0',
27 silly addNameRange     '2.22.0',
27 silly addNameRange     '2.23.0',
27 silly addNameRange     '2.23.1',
27 silly addNameRange     '2.24.0',
27 silly addNameRange     '2.24.1',
27 silly addNameRange     '2.24.2',
27 silly addNameRange     '2.24.3',
27 silly addNameRange     '2.25.0',
27 silly addNameRange     '2.25.1',
27 silly addNameRange     '2.26.0',
27 silly addNameRange     '2.27.0',
27 silly addNameRange     '2.27.1',
27 silly addNameRange     '2.28.0',
27 silly addNameRange     '2.29.0',
27 silly addNameRange     '2.29.1',
27 silly addNameRange     '2.30.0',
27 silly addNameRange     '2.31.0',
27 silly addNameRange     '2.32.0',
27 silly addNameRange     '2.32.1',
27 silly addNameRange     '2.32.2',
27 silly addNameRange     '2.32.3',
27 silly addNameRange     '2.32.4',
27 silly addNameRange     '2.33.0',
27 silly addNameRange     '2.33.1',
27 silly addNameRange     '2.34.0',
27 silly addNameRange     '2.34.1',
27 silly addNameRange     '2.34.2',
27 silly addNameRange     '2.34.3',
27 silly addNameRange     '2.35.0',
27 silly addNameRange     '2.35.1',
27 silly addNameRange     '2.35.2',
27 silly addNameRange     '2.35.3',
27 silly addNameRange     '2.35.4',
27 silly addNameRange     '2.36.0',
27 silly addNameRange     '2.36.1',
27 silly addNameRange     '3.0.0',
27 silly addNameRange     '3.1.0',
27 silly addNameRange     '3.1.1',
27 silly addNameRange     '3.1.2',
27 silly addNameRange     '3.1.3',
27 silly addNameRange     '3.2.0',
27 silly addNameRange     '3.2.1',
27 silly addNameRange     '3.2.2',
27 silly addNameRange     '3.3.0',
27 silly addNameRange     '3.4.0',
27 silly addNameRange     '3.4.1',
27 silly addNameRange     '3.5.0',
27 silly addNameRange     '3.6.0',
27 silly addNameRange     '3.7.0',
27 silly addNameRange     '3.8.0',
27 silly addNameRange     '3.8.1',
27 silly addNameRange     '3.9.0',
27 silly addNameRange     '3.9.1',
27 silly addNameRange     '3.10.0',
27 silly addNameRange     '3.11.0',
27 silly addNameRange     '3.11.1',
27 silly addNameRange     '3.12.0',
27 silly addNameRange     '3.13.0',
27 silly addNameRange     '3.14.0',
27 silly addNameRange     '3.14.1',
27 silly addNameRange     '3.16.0',
27 silly addNameRange     '3.16.1',
27 silly addNameRange     '3.17.0',
27 silly addNameRange     '3.18.0',
27 silly addNameRange     '3.19.0',
27 silly addNameRange     '3.19.1',
27 silly addNameRange     '3.20.0',
27 silly addNameRange     '3.20.1',
27 silly addNameRange     '3.20.2',
27 silly addNameRange     '3.21.0',
27 silly addNameRange     '3.21.1',
27 silly addNameRange     '3.22.0',
27 silly addNameRange     '3.22.1',
27 silly addNameRange     '3.23.0',
27 silly addNameRange     '3.23.1',
27 silly addNameRange     '3.24.0',
27 silly addNameRange     '3.24.1',
27 silly addNameRange     '3.24.2',
27 silly addNameRange     '3.24.3',
27 silly addNameRange     '3.24.4',
27 silly addNameRange     '3.24.5',
27 silly addNameRange     '3.24.6',
27 silly addNameRange     '3.24.7',
27 silly addNameRange     '3.24.8',
27 silly addNameRange     '3.24.9',
27 silly addNameRange     '3.24.10',
27 silly addNameRange     '3.24.11',
27 silly addNameRange     '3.24.13',
27 silly addNameRange     '3.25.0',
27 silly addNameRange     '3.25.1',
27 silly addNameRange     '3.25.2',
27 silly addNameRange     '3.26.0',
27 silly addNameRange     '3.27.0',
27 silly addNameRange     '3.27.1',
27 silly addNameRange     '3.28.0',
27 silly addNameRange     '3.28.1',
27 silly addNameRange     '3.28.2',
27 silly addNameRange     '3.29.0',
27 silly addNameRange     '3.29.1',
27 silly addNameRange     '3.30.0',
27 silly addNameRange     '3.30.1',
27 silly addNameRange     '3.30.2',
27 silly addNameRange     '3.30.3',
27 silly addNameRange     '3.30.4',
27 silly addNameRange     '3.31.0',
27 silly addNameRange     '3.31.1',
27 silly addNameRange     '3.31.2',
27 silly addNameRange     '3.32.0',
27 silly addNameRange     '3.32.1',
27 silly addNameRange     '3.33.0',
27 silly addNameRange     '3.33.1',
27 silly addNameRange     '3.34.0',
27 silly addNameRange     '3.35.0',
27 silly addNameRange     '3.36.0',
27 silly addNameRange     '3.36.1',
27 silly addNameRange     '3.37.0',
27 silly addNameRange     '3.37.1',
27 silly addNameRange     '3.37.2',
27 silly addNameRange     '3.38.0',
27 silly addNameRange     '3.38.1',
27 silly addNameRange     '3.39.0',
27 silly addNameRange     '3.40.0',
27 silly addNameRange     '3.40.1',
27 silly addNameRange     '3.40.2',
27 silly addNameRange     '3.40.3',
27 silly addNameRange     '3.40.4',
27 silly addNameRange     '3.41.0',
27 silly addNameRange     '3.42.0',
27 silly addNameRange     '3.43.0',
27 silly addNameRange     '3.44.0',
27 silly addNameRange     '3.44.1',
27 silly addNameRange     '3.44.2',
27 silly addNameRange     '3.45.0',
27 silly addNameRange     '3.46.0',
27 silly addNameRange     '3.46.1',
27 silly addNameRange     '4.0.0',
27 silly addNameRange     '4.1.0',
27 silly addNameRange     '4.1.1',
27 silly addNameRange     '4.1.2',
27 silly addNameRange     '4.1.3',
27 silly addNameRange     '4.1.4',
27 silly addNameRange     '4.1.5',
27 silly addNameRange     '4.1.6',
27 silly addNameRange     '4.1.7',
27 silly addNameRange     '4.1.8',
27 silly addNameRange     '4.1.9',
27 silly addNameRange     '4.1.10',
27 silly addNameRange     '4.1.11',
27 silly addNameRange     '4.2.0',
27 silly addNameRange     '4.2.1',
27 silly addNameRange     '4.2.2',
27 silly addNameRange     '4.2.3',
27 silly addNameRange     '5.0.0',
27 silly addNameRange     '5.0.1',
27 silly addNameRange     '5.0.2',
27 silly addNameRange     '5.0.3',
27 silly addNameRange     '5.0.4',
27 silly addNameRange     '5.0.5',
27 silly addNameRange     '5.0.6',
27 silly addNameRange     '5.0.7',
27 silly addNameRange     '5.0.8',
27 silly addNameRange     '5.1.0',
27 silly addNameRange     '5.1.1',
27 silly addNameRange     '5.2.0',
27 silly addNameRange     '5.2.1',
27 silly addNameRange     '5.3.0',
27 silly addNameRange     '5.4.0',
27 silly addNameRange     '5.4.1',
27 silly addNameRange     '5.4.2',
27 silly addNameRange     '5.5.0',
27 silly addNameRange     '5.6.0',
27 silly addNameRange     '5.6.1',
27 silly addNameRange     '5.7.0',
27 silly addNameRange     '5.8.0',
27 silly addNameRange     '5.9.0',
27 silly addNameRange     '5.9.1',
27 silly addNameRange     '5.9.2',
27 silly addNameRange     '5.9.3',
27 silly addNameRange     '5.10.0',
27 silly addNameRange     '5.10.1',
27 silly addNameRange     '5.11.0',
27 silly addNameRange     '5.11.1',
27 silly addNameRange     '5.11.2',
27 silly addNameRange     '5.12.0',
27 silly addNameRange     '5.12.1',
27 silly addNameRange     '5.12.2',
27 silly addNameRange     '5.13.0',
27 silly addNameRange     '5.13.1',
27 silly addNameRange     '6.0.0',
27 silly addNameRange     '6.0.1',
27 silly addNameRange     '6.0.2',
27 silly addNameRange     '6.0.3',
27 silly addNameRange     '6.1.0',
27 silly addNameRange     '6.1.1',
27 silly addNameRange     '6.1.2',
27 silly addNameRange     '6.2.0',
27 silly addNameRange     '6.3.0',
27 silly addNameRange     '6.3.1',
27 silly addNameRange     '6.3.2',
27 silly addNameRange     '6.3.3',
27 silly addNameRange     '6.3.4',
27 silly addNameRange     '7.0.0',
27 silly addNameRange     '7.0.1',
27 silly addNameRange     '7.0.2',
27 silly addNameRange     '7.0.3',
27 silly addNameRange     '7.1.0',
27 silly addNameRange     '8.0.0',
27 silly addNameRange     '8.0.1',
27 silly addNameRange     '8.0.2',
27 silly addNameRange     '8.0.3',
27 silly addNameRange     '8.1.0',
27 silly addNameRange     '8.1.1',
27 silly addNameRange     '8.1.2',
27 silly addNameRange     '8.1.3',
27 silly addNameRange     '9.0.0',
27 silly addNameRange     '9.0.1',
27 silly addNameRange     '9.0.2',
27 silly addNameRange     '9.0.3' ] ]
28 verbose addNamed browserify@9.0.3
29 silly addNamed semver.valid 9.0.3
30 silly addNamed semver.validRange 9.0.3
31 silly cache afterAdd browserify@9.0.3
32 verbose afterAdd /Users/dieterich/.npm/browserify/9.0.3/package/package.json not in flight; writing
33 verbose afterAdd /Users/dieterich/.npm/browserify/9.0.3/package/package.json written
34 silly install resolved [ { name: 'browserify',
34 silly install resolved     version: '9.0.3',
34 silly install resolved     description: 'browser-side require() the node way',
34 silly install resolved     main: 'index.js',
34 silly install resolved     bin: { browserify: 'bin/cmd.js' },
34 silly install resolved     repository:
34 silly install resolved      { type: 'git',
34 silly install resolved        url: 'http://github.com/substack/node-browserify.git' },
34 silly install resolved     keywords:
34 silly install resolved      [ 'browser',
34 silly install resolved        'require',
34 silly install resolved        'commonjs',
34 silly install resolved        'commonj-esque',
34 silly install resolved        'bundle',
34 silly install resolved        'npm',
34 silly install resolved        'javascript' ],
34 silly install resolved     dependencies:
34 silly install resolved      { JSONStream: '~0.10.0',
34 silly install resolved        assert: '~1.3.0',
34 silly install resolved        'browser-pack': '^4.0.0',
34 silly install resolved        'browser-resolve': '^1.7.1',
34 silly install resolved        'browserify-zlib': '~0.1.2',
34 silly install resolved        buffer: '^3.0.0',
34 silly install resolved        builtins: '~0.0.3',
34 silly install resolved        commondir: '0.0.1',
34 silly install resolved        'concat-stream': '~1.4.1',
34 silly install resolved        'console-browserify': '^1.1.0',
34 silly install resolved        'constants-browserify': '~0.0.1',
34 silly install resolved        'crypto-browserify': '^3.0.0',
34 silly install resolved        'deep-equal': '^1.0.0',
34 silly install resolved        defined: '~0.0.0',
34 silly install resolved        'deps-sort': '^1.3.5',
34 silly install resolved        'domain-browser': '~1.1.0',
34 silly install resolved        duplexer2: '~0.0.2',
34 silly install resolved        events: '~1.0.0',
34 silly install resolved        glob: '^4.0.5',
34 silly install resolved        has: '^1.0.0',
34 silly install resolved        'http-browserify': '^1.4.0',
34 silly install resolved        'https-browserify': '~0.0.0',
34 silly install resolved        inherits: '~2.0.1',
34 silly install resolved        'insert-module-globals': '^6.2.0',
34 silly install resolved        isarray: '0.0.1',
34 silly install resolved        'labeled-stream-splicer': '^1.0.0',
34 silly install resolved        'module-deps': '^3.7.0',
34 silly install resolved        'os-browserify': '~0.1.1',
34 silly install resolved        parents: '^1.0.1',
34 silly install resolved        'path-browserify': '~0.0.0',
34 silly install resolved        process: '^0.10.0',
34 silly install resolved        punycode: '~1.2.3',
34 silly install resolved        'querystring-es3': '~0.2.0',
34 silly install resolved        'readable-stream': '^1.1.13',
34 silly install resolved        resolve: '^1.1.4',
34 silly install resolved        'shallow-copy': '0.0.1',
34 silly install resolved        shasum: '^1.0.0',
34 silly install resolved        'shell-quote': '~0.0.1',
34 silly install resolved        'stream-browserify': '^1.0.0',
34 silly install resolved        string_decoder: '~0.10.0',
34 silly install resolved        subarg: '^1.0.0',
34 silly install resolved        'syntax-error': '^1.1.1',
34 silly install resolved        through2: '^1.0.0',
34 silly install resolved        'timers-browserify': '^1.0.1',
34 silly install resolved        'tty-browserify': '~0.0.0',
34 silly install resolved        url: '~0.10.1',
34 silly install resolved        util: '~0.10.1',
34 silly install resolved        'vm-browserify': '~0.0.1',
34 silly install resolved        xtend: '^3.0.0' },
34 silly install resolved     devDependencies:
34 silly install resolved      { backbone: '~0.9.2',
34 silly install resolved        'browser-unpack': '~0.0.0',
34 silly install resolved        'coffee-script': '~1.5.0',
34 silly install resolved        coffeeify: '~0.6.0',
34 silly install resolved        es6ify: '~0.4.8',
34 silly install resolved        mkdirp: '~0.3.3',
34 silly install resolved        osenv: '^0.1.0',
34 silly install resolved        seq: '0.3.3',
34 silly install resolved        tap: '~0.4.0',
34 silly install resolved        through: '^2.3.4' },
34 silly install resolved     author:
34 silly install resolved      { name: 'James Halliday',
34 silly install resolved        email: 'mail@substack.net',
34 silly install resolved        url: 'http://substack.net' },
34 silly install resolved     scripts: { test: 'tap test/*.js' },
34 silly install resolved     license: 'MIT',
34 silly install resolved     gitHead: '8d1a880a9fb35e4a81a2b0c0cfd070c00d78bf39',
34 silly install resolved     bugs: { url: 'https://github.com/substack/node-browserify/issues' },
34 silly install resolved     homepage: 'https://github.com/substack/node-browserify',
34 silly install resolved     _id: 'browserify@9.0.3',
34 silly install resolved     _shasum: 'f2f742b82ec5631c64b8c98a9788db0017c6517c',
34 silly install resolved     _from: 'browserify@*',
34 silly install resolved     _npmVersion: '2.3.0',
34 silly install resolved     _nodeVersion: '0.12.0',
34 silly install resolved     _npmUser: { name: 'substack', email: 'mail@substack.net' },
34 silly install resolved     maintainers:
34 silly install resolved      [ [Object],
34 silly install resolved        [Object],
34 silly install resolved        [Object],
34 silly install resolved        [Object],
34 silly install resolved        [Object],
34 silly install resolved        [Object],
34 silly install resolved        [Object],
34 silly install resolved        [Object] ],
34 silly install resolved     dist:
34 silly install resolved      { shasum: 'f2f742b82ec5631c64b8c98a9788db0017c6517c',
34 silly install resolved        tarball: 'http://registry.npmjs.org/browserify/-/browserify-9.0.3.tgz' },
34 silly install resolved     directories: {},
34 silly install resolved     _resolved: 'https://registry.npmjs.org/browserify/-/browserify-9.0.3.tgz',
34 silly install resolved     readme: 'ERROR: No README data found!' } ]
35 info install browserify@9.0.3 into /usr/local/lib
36 info installOne browserify@9.0.3
37 verbose installOne of browserify to /usr/local/lib not in flight; installing
38 verbose lock using /Users/dieterich/.npm/_locks/browserify-361ec04d0c7090cb.lock for /usr/local/lib/node_modules/browserify
39 silly install write writing browserify 9.0.3 to /usr/local/lib/node_modules/browserify
40 silly cache addNamed cb browserify@9.0.3
41 verbose unbuild lib/node_modules/browserify
42 verbose gentlyRm vacuuming /usr/local/lib/node_modules/browserify
43 verbose tar unpack /Users/dieterich/.npm/browserify/9.0.3/package.tgz
44 verbose tar unpacking to /usr/local/lib/node_modules/browserify
45 verbose gentlyRm vacuuming /usr/local/lib/node_modules/browserify
46 silly gunzTarPerm modes [ '755', '644' ]
47 error tar.unpack untar error /Users/dieterich/.npm/browserify/9.0.3/package.tgz
48 verbose unlock done using /Users/dieterich/.npm/_locks/browserify-361ec04d0c7090cb.lock for /usr/local/lib/node_modules/browserify
49 verbose fstream_path /usr/local/lib/node_modules/browserify
50 verbose fstream_type Directory
51 verbose fstream_class DirWriter
52 verbose stack Error: EACCES, mkdir '/usr/local/lib/node_modules/browserify'
52 verbose stack     at Error (native)
53 verbose fstream_stack /usr/local/lib/node_modules/npm/node_modules/fstream/lib/dir-writer.js:36:23
53 verbose fstream_stack /usr/local/lib/node_modules/npm/node_modules/mkdirp/index.js:46:53
53 verbose fstream_stack FSReqWrap.oncomplete (fs.js:99:15)
54 verbose cwd /Applications/MAMP/htdocs/curriculum/share/libs
55 error Darwin 14.1.0
56 error argv "node" "/usr/local/bin/npm" "install" "-g" "browserify"
57 error node v0.12.0
58 error npm  v2.5.1
59 error path /usr/local/lib/node_modules/browserify
60 error code EACCES
61 error errno -13
62 error Error: EACCES, mkdir '/usr/local/lib/node_modules/browserify'
62 error     at Error (native)
62 error  { [Error: EACCES, mkdir '/usr/local/lib/node_modules/browserify']
62 error   errno: -13,
62 error   code: 'EACCES',
62 error   path: '/usr/local/lib/node_modules/browserify',
62 error   fstream_type: 'Directory',
62 error   fstream_path: '/usr/local/lib/node_modules/browserify',
62 error   fstream_class: 'DirWriter',
62 error   fstream_stack:
62 error    [ '/usr/local/lib/node_modules/npm/node_modules/fstream/lib/dir-writer.js:36:23',
62 error      '/usr/local/lib/node_modules/npm/node_modules/mkdirp/index.js:46:53',
62 error      'FSReqWrap.oncomplete (fs.js:99:15)' ] }
63 error Please try running this command again as root/Administrator.
64 verbose exit [ -13, true ]
65 verbose unbuild lib/node_modules/browserify
66 verbose gentlyRm vacuuming /usr/local/lib/node_modules/browserify
